This file contains any messages produced by compilers while
running configure, to aid debugging if configure makes a mistake.

It was created by spice configure UNKNOWN-dirty, which was
generated by GNU Autoconf 2.68.  Invocation command line was

  $ ./configure --enable-maintainer-mode

## --------- ##
## Platform. ##
## --------- ##

hostname = pcc
uname -m = x86_64
uname -r = 3.2.0-55-generic
uname -s = Linux
uname -v = #85-Ubuntu SMP Wed Oct 2 12:29:27 UTC 2013

/usr/bin/uname -p = unknown
/bin/uname -X     = unknown

/bin/arch              = unknown
/usr/bin/arch -k       = unknown
/usr/convex/getsysinfo = unknown
/usr/bin/hostinfo      = unknown
/bin/machine           = unknown
/usr/bin/oslevel       = unknown
/bin/universe          = unknown

PATH: /usr/local/sbin
PATH: /usr/local/bin
PATH: /usr/sbin
PATH: /usr/bin
PATH: /sbin
PATH: /bin
PATH: /usr/games


## ----------- ##
## Core tests. ##
## ----------- ##

configure:2644: checking for gcc
configure:2660: found /usr/bin/gcc
configure:2671: result: gcc
configure:2900: checking for C compiler version
configure:2909: gcc --version >&5
gcc (Ubuntu/Linaro 4.6.3-1ubuntu5) 4.6.3
Copyright (C) 2011 Free Software Foundation, Inc.
This is free software; see the source for copying conditions.  There is NO
warranty; not even for MERCHANTABILITY or FITNESS FOR A PARTICULAR PURPOSE.

configure:2920: $? = 0
configure:2909: gcc -v >&5
Using built-in specs.
COLLECT_GCC=gcc
COLLECT_LTO_WRAPPER=/usr/lib/gcc/x86_64-linux-gnu/4.6/lto-wrapper
Target: x86_64-linux-gnu
Configured with: ../src/configure -v --with-pkgversion='Ubuntu/Linaro 4.6.3-1ubuntu5' --with-bugurl=file:///usr/share/doc/gcc-4.6/README.Bugs --enable-languages=c,c++,fortran,objc,obj-c++ --prefix=/usr --program-suffix=-4.6 --enable-shared --enable-linker-build-id --with-system-zlib --libexecdir=/usr/lib --without-included-gettext --enable-threads=posix --with-gxx-include-dir=/usr/include/c++/4.6 --libdir=/usr/lib --enable-nls --with-sysroot=/ --enable-clocale=gnu --enable-libstdcxx-debug --enable-libstdcxx-time=yes --enable-gnu-unique-object --enable-plugin --enable-objc-gc --disable-werror --with-arch-32=i686 --with-tune=generic --enable-checking=release --build=x86_64-linux-gnu --host=x86_64-linux-gnu --target=x86_64-linux-gnu
Thread model: posix
gcc version 4.6.3 (Ubuntu/Linaro 4.6.3-1ubuntu5) 
configure:2920: $? = 0
configure:2909: gcc -V >&5
gcc: error: unrecognized option '-V'
gcc: fatal error: no input files
compilation terminated.
configure:2920: $? = 4
configure:2909: gcc -qversion >&5
gcc: error: unrecognized option '-qversion'
gcc: fatal error: no input files
compilation terminated.
configure:2920: $? = 4
configure:2940: checking whether the C compiler works
configure:2962: gcc    conftest.c  >&5
configure:2966: $? = 0
configure:3014: result: yes
configure:3017: checking for C compiler default output file name
configure:3019: result: a.out
configure:3025: checking for suffix of executables
configure:3032: gcc -o conftest    conftest.c  >&5
configure:3036: $? = 0
configure:3058: result: 
configure:3080: checking whether we are cross compiling
configure:3088: gcc -o conftest    conftest.c  >&5
configure:3092: $? = 0
configure:3099: ./conftest
configure:3103: $? = 0
configure:3118: result: no
configure:3123: checking for suffix of object files
configure:3145: gcc -c   conftest.c >&5
configure:3149: $? = 0
configure:3170: result: o
configure:3174: checking whether we are using the GNU C compiler
configure:3193: gcc -c   conftest.c >&5
configure:3193: $? = 0
configure:3202: result: yes
configure:3211: checking whether gcc accepts -g
configure:3231: gcc -c -g  conftest.c >&5
configure:3231: $? = 0
configure:3272: result: yes
configure:3289: checking for gcc option to accept ISO C89
configure:3353: gcc  -c -g -O2  conftest.c >&5
configure:3353: $? = 0
configure:3366: result: none needed
configure:3436: checking for ar
configure:3452: found /usr/bin/ar
configure:3463: result: ar
configure:3489: checking the archiver (ar) interface
configure:3499: gcc -c -g -O2  conftest.c >&5
configure:3499: $? = 0
configure:3501: ar cru libconftest.a conftest.o >&5
configure:3504: $? = 0
configure:3527: result: ar
configure:3564: checking for a BSD-compatible install
configure:3632: result: /usr/bin/install -c
configure:3643: checking whether build environment is sane
configure:3693: result: yes
configure:3831: checking for a thread-safe mkdir -p
configure:3870: result: /bin/mkdir -p
configure:3883: checking for gawk
configure:3899: found /usr/bin/gawk
configure:3910: result: gawk
configure:3921: checking whether make sets $(MAKE)
configure:3943: result: yes
configure:3973: checking for style of include used by make
configure:4001: result: GNU
configure:4087: checking dependency style of gcc
configure:4198: result: gcc3
configure:4215: checking whether to enable maintainer-specific portions of Makefiles
configure:4224: result: yes
configure:4286: checking for gcc
configure:4313: result: gcc
configure:4542: checking for C compiler version
configure:4551: gcc --version >&5
gcc (Ubuntu/Linaro 4.6.3-1ubuntu5) 4.6.3
Copyright (C) 2011 Free Software Foundation, Inc.
This is free software; see the source for copying conditions.  There is NO
warranty; not even for MERCHANTABILITY or FITNESS FOR A PARTICULAR PURPOSE.

configure:4562: $? = 0
configure:4551: gcc -v >&5
Using built-in specs.
COLLECT_GCC=gcc
COLLECT_LTO_WRAPPER=/usr/lib/gcc/x86_64-linux-gnu/4.6/lto-wrapper
Target: x86_64-linux-gnu
Configured with: ../src/configure -v --with-pkgversion='Ubuntu/Linaro 4.6.3-1ubuntu5' --with-bugurl=file:///usr/share/doc/gcc-4.6/README.Bugs --enable-languages=c,c++,fortran,objc,obj-c++ --prefix=/usr --program-suffix=-4.6 --enable-shared --enable-linker-build-id --with-system-zlib --libexecdir=/usr/lib --without-included-gettext --enable-threads=posix --with-gxx-include-dir=/usr/include/c++/4.6 --libdir=/usr/lib --enable-nls --with-sysroot=/ --enable-clocale=gnu --enable-libstdcxx-debug --enable-libstdcxx-time=yes --enable-gnu-unique-object --enable-plugin --enable-objc-gc --disable-werror --with-arch-32=i686 --with-tune=generic --enable-checking=release --build=x86_64-linux-gnu --host=x86_64-linux-gnu --target=x86_64-linux-gnu
Thread model: posix
gcc version 4.6.3 (Ubuntu/Linaro 4.6.3-1ubuntu5) 
configure:4562: $? = 0
configure:4551: gcc -V >&5
gcc: error: unrecognized option '-V'
gcc: fatal error: no input files
compilation terminated.
configure:4562: $? = 4
configure:4551: gcc -qversion >&5
gcc: error: unrecognized option '-qversion'
gcc: fatal error: no input files
compilation terminated.
configure:4562: $? = 4
configure:4566: checking whether we are using the GNU C compiler
configure:4594: result: yes
configure:4603: checking whether gcc accepts -g
configure:4664: result: yes
configure:4681: checking for gcc option to accept ISO C89
configure:4758: result: none needed
configure:4778: checking for gcc option to accept ISO C99
configure:4927: gcc  -c -g -O2  conftest.c >&5
conftest.c:61:29: error: expected ';', ',' or ')' before 'text'
conftest.c: In function 'main':
conftest.c:115:18: error: expected '=', ',', ';', 'asm' or '__attribute__' before 'newvar'
conftest.c:115:18: error: 'newvar' undeclared (first use in this function)
conftest.c:115:18: note: each undeclared identifier is reported only once for each function it appears in
conftest.c:125:3: error: 'for' loop initial declarations are only allowed in C99 mode
conftest.c:125:3: note: use option -std=c99 or -std=gnu99 to compile your code
configure:4927: $? = 1
configure: failed program was:
| /* confdefs.h */
| #define PACKAGE_NAME "spice"
| #define PACKAGE_TARNAME "spice"
| #define PACKAGE_VERSION "UNKNOWN-dirty"
| #define PACKAGE_STRING "spice UNKNOWN-dirty"
| #define PACKAGE_BUGREPORT "spice-devel@lists.freedesktop.org"
| #define PACKAGE_URL ""
| #define PACKAGE "spice"
| #define VERSION "UNKNOWN-dirty"
| /* end confdefs.h.  */
| #include <stdarg.h>
| #include <stdbool.h>
| #include <stdlib.h>
| #include <wchar.h>
| #include <stdio.h>
| 
| // Check varargs macros.  These examples are taken from C99 6.10.3.5.
| #define debug(...) fprintf (stderr, __VA_ARGS__)
| #define showlist(...) puts (#__VA_ARGS__)
| #define report(test,...) ((test) ? puts (#test) : printf (__VA_ARGS__))
| static void
| test_varargs_macros (void)
| {
|   int x = 1234;
|   int y = 5678;
|   debug ("Flag");
|   debug ("X = %d\n", x);
|   showlist (The first, second, and third items.);
|   report (x>y, "x is %d but y is %d", x, y);
| }
| 
| // Check long long types.
| #define BIG64 18446744073709551615ull
| #define BIG32 4294967295ul
| #define BIG_OK (BIG64 / BIG32 == 4294967297ull && BIG64 % BIG32 == 0)
| #if !BIG_OK
|   your preprocessor is broken;
| #endif
| #if BIG_OK
| #else
|   your preprocessor is broken;
| #endif
| static long long int bignum = -9223372036854775807LL;
| static unsigned long long int ubignum = BIG64;
| 
| struct incomplete_array
| {
|   int datasize;
|   double data[];
| };
| 
| struct named_init {
|   int number;
|   const wchar_t *name;
|   double average;
| };
| 
| typedef const char *ccp;
| 
| static inline int
| test_restrict (ccp restrict text)
| {
|   // See if C++-style comments work.
|   // Iterate through items via the restricted pointer.
|   // Also check for declarations in for loops.
|   for (unsigned int i = 0; *(text+i) != '\0'; ++i)
|     continue;
|   return 0;
| }
| 
| // Check varargs and va_copy.
| static void
| test_varargs (const char *format, ...)
| {
|   va_list args;
|   va_start (args, format);
|   va_list args_copy;
|   va_copy (args_copy, args);
| 
|   const char *str;
|   int number;
|   float fnumber;
| 
|   while (*format)
|     {
|       switch (*format++)
| 	{
| 	case 's': // string
| 	  str = va_arg (args_copy, const char *);
| 	  break;
| 	case 'd': // int
| 	  number = va_arg (args_copy, int);
| 	  break;
| 	case 'f': // float
| 	  fnumber = va_arg (args_copy, double);
| 	  break;
| 	default:
| 	  break;
| 	}
|     }
|   va_end (args_copy);
|   va_end (args);
| }
| 
| int
| main ()
| {
| 
|   // Check bool.
|   _Bool success = false;
| 
|   // Check restrict.
|   if (test_restrict ("String literal") == 0)
|     success = true;
|   char *restrict newvar = "Another string";
| 
|   // Check varargs.
|   test_varargs ("s, d' f .", "string", 65, 34.234);
|   test_varargs_macros ();
| 
|   // Check flexible array members.
|   struct incomplete_array *ia =
|     malloc (sizeof (struct incomplete_array) + (sizeof (double) * 10));
|   ia->datasize = 10;
|   for (int i = 0; i < ia->datasize; ++i)
|     ia->data[i] = i * 1.234;
| 
|   // Check named initializers.
|   struct named_init ni = {
|     .number = 34,
|     .name = L"Test wide string",
|     .average = 543.34343,
|   };
| 
|   ni.number = 58;
| 
|   int dynamic_array[ni.number];
|   dynamic_array[ni.number - 1] = 543;
| 
|   // work around unused variable warnings
|   return (!success || bignum == 0LL || ubignum == 0uLL || newvar[0] == 'x'
| 	  || dynamic_array[ni.number - 1] != 543);
| 
|   ;
|   return 0;
| }
configure:4927: gcc -std=gnu99 -c -g -O2  conftest.c >&5
configure:4927: $? = 0
configure:4947: result: -std=gnu99
configure:5016: checking for g++
configure:5032: found /usr/bin/g++
configure:5043: result: g++
configure:5070: checking for C++ compiler version
configure:5079: g++ --version >&5
g++ (Ubuntu/Linaro 4.6.3-1ubuntu5) 4.6.3
Copyright (C) 2011 Free Software Foundation, Inc.
This is free software; see the source for copying conditions.  There is NO
warranty; not even for MERCHANTABILITY or FITNESS FOR A PARTICULAR PURPOSE.

configure:5090: $? = 0
configure:5079: g++ -v >&5
Using built-in specs.
COLLECT_GCC=g++
COLLECT_LTO_WRAPPER=/usr/lib/gcc/x86_64-linux-gnu/4.6/lto-wrapper
Target: x86_64-linux-gnu
Configured with: ../src/configure -v --with-pkgversion='Ubuntu/Linaro 4.6.3-1ubuntu5' --with-bugurl=file:///usr/share/doc/gcc-4.6/README.Bugs --enable-languages=c,c++,fortran,objc,obj-c++ --prefix=/usr --program-suffix=-4.6 --enable-shared --enable-linker-build-id --with-system-zlib --libexecdir=/usr/lib --without-included-gettext --enable-threads=posix --with-gxx-include-dir=/usr/include/c++/4.6 --libdir=/usr/lib --enable-nls --with-sysroot=/ --enable-clocale=gnu --enable-libstdcxx-debug --enable-libstdcxx-time=yes --enable-gnu-unique-object --enable-plugin --enable-objc-gc --disable-werror --with-arch-32=i686 --with-tune=generic --enable-checking=release --build=x86_64-linux-gnu --host=x86_64-linux-gnu --target=x86_64-linux-gnu
Thread model: posix
gcc version 4.6.3 (Ubuntu/Linaro 4.6.3-1ubuntu5) 
configure:5090: $? = 0
configure:5079: g++ -V >&5
g++: error: unrecognized option '-V'
g++: fatal error: no input files
compilation terminated.
configure:5090: $? = 4
configure:5079: g++ -qversion >&5
g++: error: unrecognized option '-qversion'
g++: fatal error: no input files
compilation terminated.
configure:5090: $? = 4
configure:5094: checking whether we are using the GNU C++ compiler
configure:5113: g++ -c   conftest.cpp >&5
configure:5113: $? = 0
configure:5122: result: yes
configure:5131: checking whether g++ accepts -g
configure:5151: g++ -c -g  conftest.cpp >&5
configure:5151: $? = 0
configure:5192: result: yes
configure:5217: checking dependency style of g++
configure:5328: result: gcc3
configure:5348: checking build system type
configure:5362: result: x86_64-unknown-linux-gnu
configure:5382: checking host system type
configure:5395: result: x86_64-unknown-linux-gnu
configure:5461: checking how to print strings
configure:5488: result: printf
configure:5509: checking for a sed that does not truncate output
configure:5573: result: /bin/sed
configure:5591: checking for grep that handles long lines and -e
configure:5649: result: /bin/grep
configure:5654: checking for egrep
configure:5716: result: /bin/grep -E
configure:5721: checking for fgrep
configure:5783: result: /bin/grep -F
configure:5818: checking for ld used by gcc -std=gnu99
configure:5885: result: /usr/bin/ld
configure:5892: checking if the linker (/usr/bin/ld) is GNU ld
configure:5907: result: yes
configure:5919: checking for BSD- or MS-compatible name lister (nm)
configure:5968: result: /usr/bin/nm -B
configure:6098: checking the name lister (/usr/bin/nm -B) interface
configure:6105: gcc -std=gnu99 -c -g -O2  conftest.c >&5
configure:6108: /usr/bin/nm -B "conftest.o"
configure:6111: output
0000000000000000 B some_variable
configure:6118: result: BSD nm
configure:6121: checking whether ln -s works
configure:6125: result: yes
configure:6133: checking the maximum length of command line arguments
configure:6263: result: 1572864
configure:6280: checking whether the shell understands some XSI constructs
configure:6290: result: yes
configure:6294: checking whether the shell understands "+="
configure:6300: result: yes
configure:6335: checking how to convert x86_64-unknown-linux-gnu file names to x86_64-unknown-linux-gnu format
configure:6375: result: func_convert_file_noop
configure:6382: checking how to convert x86_64-unknown-linux-gnu file names to toolchain format
configure:6402: result: func_convert_file_noop
configure:6409: checking for /usr/bin/ld option to reload object files
configure:6416: result: -r
configure:6490: checking for objdump
configure:6506: found /usr/bin/objdump
configure:6517: result: objdump
configure:6549: checking how to recognize dependent libraries
configure:6751: result: pass_all
configure:6836: checking for dlltool
configure:6866: result: no
configure:6896: checking how to associate runtime and link libraries
configure:6923: result: printf %s\n
configure:7047: checking for archiver @FILE support
configure:7064: gcc -std=gnu99 -c -g -O2  conftest.c >&5
configure:7064: $? = 0
configure:7067: ar cru libconftest.a @conftest.lst >&5
configure:7070: $? = 0
configure:7075: ar cru libconftest.a @conftest.lst >&5
ar: conftest.o: No such file or directory
configure:7078: $? = 1
configure:7090: result: @
configure:7148: checking for strip
configure:7164: found /usr/bin/strip
configure:7175: result: strip
configure:7247: checking for ranlib
configure:7263: found /usr/bin/ranlib
configure:7274: result: ranlib
configure:7376: checking command to parse /usr/bin/nm -B output from gcc -std=gnu99 object
configure:7496: gcc -std=gnu99 -c -g -O2  conftest.c >&5
configure:7499: $? = 0
configure:7503: /usr/bin/nm -B conftest.o \| sed -n -e 's/^.*[ ]\([ABCDGIRSTW][ABCDGIRSTW]*\)[ ][ ]*\([_A-Za-z][_A-Za-z0-9]*\)$/\1 \2 \2/p' | sed '/ __gnu_lto/d' \> conftest.nm
configure:7506: $? = 0
configure:7572: gcc -std=gnu99 -o conftest -g -O2   conftest.c conftstm.o >&5
configure:7575: $? = 0
configure:7613: result: ok
configure:7650: checking for sysroot
configure:7680: result: no
configure:7757: gcc -std=gnu99 -c -g -O2  conftest.c >&5
configure:7760: $? = 0
configure:7936: checking for mt
configure:7952: found /bin/mt
configure:7963: result: mt
configure:7986: checking if mt is a manifest tool
configure:7992: mt '-?'
configure:8000: result: no
configure:8642: checking how to run the C preprocessor
configure:8673: gcc -std=gnu99 -E  conftest.c
configure:8673: $? = 0
configure:8687: gcc -std=gnu99 -E  conftest.c
conftest.c:11:28: fatal error: ac_nonexistent.h: No such file or directory
compilation terminated.
configure:8687: $? = 1
configure: failed program was:
| /* confdefs.h */
| #define PACKAGE_NAME "spice"
| #define PACKAGE_TARNAME "spice"
| #define PACKAGE_VERSION "UNKNOWN-dirty"
| #define PACKAGE_STRING "spice UNKNOWN-dirty"
| #define PACKAGE_BUGREPORT "spice-devel@lists.freedesktop.org"
| #define PACKAGE_URL ""
| #define PACKAGE "spice"
| #define VERSION "UNKNOWN-dirty"
| /* end confdefs.h.  */
| #include <ac_nonexistent.h>
configure:8712: result: gcc -std=gnu99 -E
configure:8732: gcc -std=gnu99 -E  conftest.c
configure:8732: $? = 0
configure:8746: gcc -std=gnu99 -E  conftest.c
conftest.c:11:28: fatal error: ac_nonexistent.h: No such file or directory
compilation terminated.
configure:8746: $? = 1
configure: failed program was:
| /* confdefs.h */
| #define PACKAGE_NAME "spice"
| #define PACKAGE_TARNAME "spice"
| #define PACKAGE_VERSION "UNKNOWN-dirty"
| #define PACKAGE_STRING "spice UNKNOWN-dirty"
| #define PACKAGE_BUGREPORT "spice-devel@lists.freedesktop.org"
| #define PACKAGE_URL ""
| #define PACKAGE "spice"
| #define VERSION "UNKNOWN-dirty"
| /* end confdefs.h.  */
| #include <ac_nonexistent.h>
configure:8775: checking for ANSI C header files
configure:8795: gcc -std=gnu99 -c -g -O2  conftest.c >&5
configure:8795: $? = 0
configure:8868: gcc -std=gnu99 -o conftest -g -O2   conftest.c  >&5
configure:8868: $? = 0
configure:8868: ./conftest
configure:8868: $? = 0
configure:8879: result: yes
configure:8892: checking for sys/types.h
configure:8892: gcc -std=gnu99 -c -g -O2  conftest.c >&5
configure:8892: $? = 0
configure:8892: result: yes
configure:8892: checking for sys/stat.h
configure:8892: gcc -std=gnu99 -c -g -O2  conftest.c >&5
configure:8892: $? = 0
configure:8892: result: yes
configure:8892: checking for stdlib.h
configure:8892: gcc -std=gnu99 -c -g -O2  conftest.c >&5
configure:8892: $? = 0
configure:8892: result: yes
configure:8892: checking for string.h
configure:8892: gcc -std=gnu99 -c -g -O2  conftest.c >&5
configure:8892: $? = 0
configure:8892: result: yes
configure:8892: checking for memory.h
configure:8892: gcc -std=gnu99 -c -g -O2  conftest.c >&5
configure:8892: $? = 0
configure:8892: result: yes
configure:8892: checking for strings.h
configure:8892: gcc -std=gnu99 -c -g -O2  conftest.c >&5
configure:8892: $? = 0
configure:8892: result: yes
configure:8892: checking for inttypes.h
configure:8892: gcc -std=gnu99 -c -g -O2  conftest.c >&5
configure:8892: $? = 0
configure:8892: result: yes
configure:8892: checking for stdint.h
configure:8892: gcc -std=gnu99 -c -g -O2  conftest.c >&5
configure:8892: $? = 0
configure:8892: result: yes
configure:8892: checking for unistd.h
configure:8892: gcc -std=gnu99 -c -g -O2  conftest.c >&5
configure:8892: $? = 0
configure:8892: result: yes
configure:8906: checking for dlfcn.h
configure:8906: gcc -std=gnu99 -c -g -O2  conftest.c >&5
configure:8906: $? = 0
configure:8906: result: yes
configure:9123: checking for objdir
configure:9138: result: .libs
configure:9409: checking if gcc -std=gnu99 supports -fno-rtti -fno-exceptions
configure:9427: gcc -std=gnu99 -c -g -O2  -fno-rtti -fno-exceptions conftest.c >&5
cc1: warning: command line option '-fno-rtti' is valid for C++/ObjC++ but not for C [enabled by default]
configure:9431: $? = 0
configure:9444: result: no
configure:9771: checking for gcc -std=gnu99 option to produce PIC
configure:9778: result: -fPIC -DPIC
configure:9786: checking if gcc -std=gnu99 PIC flag -fPIC -DPIC works
configure:9804: gcc -std=gnu99 -c -g -O2  -fPIC -DPIC -DPIC conftest.c >&5
configure:9808: $? = 0
configure:9821: result: yes
configure:9850: checking if gcc -std=gnu99 static flag -static works
configure:9878: result: yes
configure:9893: checking if gcc -std=gnu99 supports -c -o file.o
configure:9914: gcc -std=gnu99 -c -g -O2  -o out/conftest2.o conftest.c >&5
configure:9918: $? = 0
configure:9940: result: yes
configure:9948: checking if gcc -std=gnu99 supports -c -o file.o
configure:9995: result: yes
configure:10028: checking whether the gcc -std=gnu99 linker (/usr/bin/ld -m elf_x86_64) supports shared libraries
configure:11185: result: yes
configure:11222: checking whether -lc should be explicitly linked in
configure:11230: gcc -std=gnu99 -c -g -O2  conftest.c >&5
configure:11233: $? = 0
configure:11248: gcc -std=gnu99 -shared  -fPIC -DPIC conftest.o  -v -Wl,-soname -Wl,conftest -o conftest 2\>\&1 \| /bin/grep  -lc  \>/dev/null 2\>\&1
configure:11251: $? = 0
configure:11265: result: no
configure:11425: checking dynamic linker characteristics
configure:11936: gcc -std=gnu99 -o conftest -g -O2   -Wl,-rpath -Wl,/foo conftest.c  >&5
configure:11936: $? = 0
configure:12170: result: GNU/Linux ld.so
configure:12277: checking how to hardcode library paths into programs
configure:12302: result: immediate
configure:12842: checking whether stripping libraries is possible
configure:12847: result: yes
configure:12882: checking if libtool supports shared libraries
configure:12884: result: yes
configure:12887: checking whether to build shared libraries
configure:12908: result: yes
configure:12911: checking whether to build static libraries
configure:12915: result: yes
configure:12938: checking how to run the C++ preprocessor
configure:12965: g++ -E  conftest.cpp
configure:12965: $? = 0
configure:12979: g++ -E  conftest.cpp
conftest.cpp:23:28: fatal error: ac_nonexistent.h: No such file or directory
compilation terminated.
configure:12979: $? = 1
configure: failed program was:
| /* confdefs.h */
| #define PACKAGE_NAME "spice"
| #define PACKAGE_TARNAME "spice"
| #define PACKAGE_VERSION "UNKNOWN-dirty"
| #define PACKAGE_STRING "spice UNKNOWN-dirty"
| #define PACKAGE_BUGREPORT "spice-devel@lists.freedesktop.org"
| #define PACKAGE_URL ""
| #define PACKAGE "spice"
| #define VERSION "UNKNOWN-dirty"
| #define STDC_HEADERS 1
| #define HAVE_SYS_TYPES_H 1
| #define HAVE_SYS_STAT_H 1
| #define HAVE_STDLIB_H 1
| #define HAVE_STRING_H 1
| #define HAVE_MEMORY_H 1
| #define HAVE_STRINGS_H 1
| #define HAVE_INTTYPES_H 1
| #define HAVE_STDINT_H 1
| #define HAVE_UNISTD_H 1
| #define HAVE_DLFCN_H 1
| #define LT_OBJDIR ".libs/"
| /* end confdefs.h.  */
| #include <ac_nonexistent.h>
configure:13004: result: g++ -E
configure:13024: g++ -E  conftest.cpp
configure:13024: $? = 0
configure:13038: g++ -E  conftest.cpp
conftest.cpp:23:28: fatal error: ac_nonexistent.h: No such file or directory
compilation terminated.
configure:13038: $? = 1
configure: failed program was:
| /* confdefs.h */
| #define PACKAGE_NAME "spice"
| #define PACKAGE_TARNAME "spice"
| #define PACKAGE_VERSION "UNKNOWN-dirty"
| #define PACKAGE_STRING "spice UNKNOWN-dirty"
| #define PACKAGE_BUGREPORT "spice-devel@lists.freedesktop.org"
| #define PACKAGE_URL ""
| #define PACKAGE "spice"
| #define VERSION "UNKNOWN-dirty"
| #define STDC_HEADERS 1
| #define HAVE_SYS_TYPES_H 1
| #define HAVE_SYS_STAT_H 1
| #define HAVE_STDLIB_H 1
| #define HAVE_STRING_H 1
| #define HAVE_MEMORY_H 1
| #define HAVE_STRINGS_H 1
| #define HAVE_INTTYPES_H 1
| #define HAVE_STDINT_H 1
| #define HAVE_UNISTD_H 1
| #define HAVE_DLFCN_H 1
| #define LT_OBJDIR ".libs/"
| /* end confdefs.h.  */
| #include <ac_nonexistent.h>
configure:13207: checking for ld used by g++
configure:13274: result: /usr/bin/ld -m elf_x86_64
configure:13281: checking if the linker (/usr/bin/ld -m elf_x86_64) is GNU ld
configure:13296: result: yes
configure:13351: checking whether the g++ linker (/usr/bin/ld -m elf_x86_64) supports shared libraries
configure:14356: result: yes
configure:14392: g++ -c -g -O2  conftest.cpp >&5
configure:14395: $? = 0
configure:14915: checking for g++ option to produce PIC
configure:14922: result: -fPIC -DPIC
configure:14930: checking if g++ PIC flag -fPIC -DPIC works
configure:14948: g++ -c -g -O2  -fPIC -DPIC -DPIC conftest.cpp >&5
configure:14952: $? = 0
configure:14965: result: yes
configure:14988: checking if g++ static flag -static works
configure:15016: result: yes
configure:15028: checking if g++ supports -c -o file.o
configure:15049: g++ -c -g -O2  -o out/conftest2.o conftest.cpp >&5
configure:15053: $? = 0
configure:15075: result: yes
configure:15080: checking if g++ supports -c -o file.o
configure:15127: result: yes
configure:15157: checking whether the g++ linker (/usr/bin/ld -m elf_x86_64) supports shared libraries
configure:15196: result: yes
configure:15337: checking dynamic linker characteristics
configure:16016: result: GNU/Linux ld.so
configure:16069: checking how to hardcode library paths into programs
configure:16094: result: immediate
configure:16156: checking whether gcc -std=gnu99 and cc understand -c and -o together
configure:16187: gcc -std=gnu99 -c conftest.c -o conftest2.o >&5
configure:16191: $? = 0
configure:16197: gcc -std=gnu99 -c conftest.c -o conftest2.o >&5
configure:16201: $? = 0
configure:16212: cc -c conftest.c >&5
configure:16216: $? = 0
configure:16224: cc -c conftest.c -o conftest2.o >&5
configure:16228: $? = 0
configure:16234: cc -c conftest.c -o conftest2.o >&5
configure:16238: $? = 0
configure:16256: result: yes
configure:16281: checking whether byte ordering is bigendian
configure:16296: gcc -std=gnu99 -c -g -O2  conftest.c >&5
conftest.c:24:9: error: unknown type name 'not'
conftest.c:24:15: error: expected '=', ',', ';', 'asm' or '__attribute__' before 'universal'
conftest.c:24:15: error: unknown type name 'universal'
configure:16296: $? = 1
configure: failed program was:
| /* confdefs.h */
| #define PACKAGE_NAME "spice"
| #define PACKAGE_TARNAME "spice"
| #define PACKAGE_VERSION "UNKNOWN-dirty"
| #define PACKAGE_STRING "spice UNKNOWN-dirty"
| #define PACKAGE_BUGREPORT "spice-devel@lists.freedesktop.org"
| #define PACKAGE_URL ""
| #define PACKAGE "spice"
| #define VERSION "UNKNOWN-dirty"
| #define STDC_HEADERS 1
| #define HAVE_SYS_TYPES_H 1
| #define HAVE_SYS_STAT_H 1
| #define HAVE_STDLIB_H 1
| #define HAVE_STRING_H 1
| #define HAVE_MEMORY_H 1
| #define HAVE_STRINGS_H 1
| #define HAVE_INTTYPES_H 1
| #define HAVE_STDINT_H 1
| #define HAVE_UNISTD_H 1
| #define HAVE_DLFCN_H 1
| #define LT_OBJDIR ".libs/"
| /* end confdefs.h.  */
| #ifndef __APPLE_CC__
| 	       not a universal capable compiler
| 	     #endif
| 	     typedef int dummy;
| 
configure:16341: gcc -std=gnu99 -c -g -O2  conftest.c >&5
configure:16341: $? = 0
configure:16359: gcc -std=gnu99 -c -g -O2  conftest.c >&5
conftest.c: In function 'main':
conftest.c:30:4: error: unknown type name 'not'
conftest.c:30:12: error: expected '=', ',', ';', 'asm' or '__attribute__' before 'endian'
configure:16359: $? = 1
configure: failed program was:
| /* confdefs.h */
| #define PACKAGE_NAME "spice"
| #define PACKAGE_TARNAME "spice"
| #define PACKAGE_VERSION "UNKNOWN-dirty"
| #define PACKAGE_STRING "spice UNKNOWN-dirty"
| #define PACKAGE_BUGREPORT "spice-devel@lists.freedesktop.org"
| #define PACKAGE_URL ""
| #define PACKAGE "spice"
| #define VERSION "UNKNOWN-dirty"
| #define STDC_HEADERS 1
| #define HAVE_SYS_TYPES_H 1
| #define HAVE_SYS_STAT_H 1
| #define HAVE_STDLIB_H 1
| #define HAVE_STRING_H 1
| #define HAVE_MEMORY_H 1
| #define HAVE_STRINGS_H 1
| #define HAVE_INTTYPES_H 1
| #define HAVE_STDINT_H 1
| #define HAVE_UNISTD_H 1
| #define HAVE_DLFCN_H 1
| #define LT_OBJDIR ".libs/"
| /* end confdefs.h.  */
| #include <sys/types.h>
| 		#include <sys/param.h>
| 
| int
| main ()
| {
| #if BYTE_ORDER != BIG_ENDIAN
| 		 not big endian
| 		#endif
| 
|   ;
|   return 0;
| }
configure:16487: result: no
configure:16509: checking for python2
configure:16527: found /usr/bin/python2
configure:16539: result: /usr/bin/python2
configure:16604: checking for pkg-config
configure:16622: found /usr/bin/pkg-config
configure:16634: result: /usr/bin/pkg-config
configure:16659: checking pkg-config is at least version 0.9.0
configure:16662: result: yes
configure:16673: checking sys/time.h usability
configure:16673: gcc -std=gnu99 -c -g -O2  conftest.c >&5
configure:16673: $? = 0
configure:16673: result: yes
configure:16673: checking sys/time.h presence
configure:16673: gcc -std=gnu99 -E  conftest.c
configure:16673: $? = 0
configure:16673: result: yes
configure:16673: checking for sys/time.h
configure:16673: result: yes
configure:16685: checking execinfo.h usability
configure:16685: gcc -std=gnu99 -c -g -O2  conftest.c >&5
configure:16685: $? = 0
configure:16685: result: yes
configure:16685: checking execinfo.h presence
configure:16685: gcc -std=gnu99 -E  conftest.c
configure:16685: $? = 0
configure:16685: result: yes
configure:16685: checking for execinfo.h
configure:16685: result: yes
configure:16697: checking linux/sockios.h usability
configure:16697: gcc -std=gnu99 -c -g -O2  conftest.c >&5
configure:16697: $? = 0
configure:16697: result: yes
configure:16697: checking linux/sockios.h presence
configure:16697: gcc -std=gnu99 -E  conftest.c
configure:16697: $? = 0
configure:16697: result: yes
configure:16697: checking for linux/sockios.h
configure:16697: result: yes
configure:16707: checking for size_t
configure:16707: gcc -std=gnu99 -c -g -O2  conftest.c >&5
configure:16707: $? = 0
configure:16707: gcc -std=gnu99 -c -g -O2  conftest.c >&5
conftest.c: In function 'main':
conftest.c:62:21: error: expected expression before ')' token
configure:16707: $? = 1
configure: failed program was:
| /* confdefs.h */
| #define PACKAGE_NAME "spice"
| #define PACKAGE_TARNAME "spice"
| #define PACKAGE_VERSION "UNKNOWN-dirty"
| #define PACKAGE_STRING "spice UNKNOWN-dirty"
| #define PACKAGE_BUGREPORT "spice-devel@lists.freedesktop.org"
| #define PACKAGE_URL ""
| #define PACKAGE "spice"
| #define VERSION "UNKNOWN-dirty"
| #define STDC_HEADERS 1
| #define HAVE_SYS_TYPES_H 1
| #define HAVE_SYS_STAT_H 1
| #define HAVE_STDLIB_H 1
| #define HAVE_STRING_H 1
| #define HAVE_MEMORY_H 1
| #define HAVE_STRINGS_H 1
| #define HAVE_INTTYPES_H 1
| #define HAVE_STDINT_H 1
| #define HAVE_UNISTD_H 1
| #define HAVE_DLFCN_H 1
| #define LT_OBJDIR ".libs/"
| #define HAVE_SYS_TIME_H 1
| #define HAVE_EXECINFO_H 1
| #define HAVE_LINUX_SOCKIOS_H 1
| /* end confdefs.h.  */
| #include <stdio.h>
| #ifdef HAVE_SYS_TYPES_H
| # include <sys/types.h>
| #endif
| #ifdef HAVE_SYS_STAT_H
| # include <sys/stat.h>
| #endif
| #ifdef STDC_HEADERS
| # include <stdlib.h>
| # include <stddef.h>
| #else
| # ifdef HAVE_STDLIB_H
| #  include <stdlib.h>
| # endif
| #endif
| #ifdef HAVE_STRING_H
| # if !defined STDC_HEADERS && defined HAVE_MEMORY_H
| #  include <memory.h>
| # endif
| # include <string.h>
| #endif
| #ifdef HAVE_STRINGS_H
| # include <strings.h>
| #endif
| #ifdef HAVE_INTTYPES_H
| # include <inttypes.h>
| #endif
| #ifdef HAVE_STDINT_H
| # include <stdint.h>
| #endif
| #ifdef HAVE_UNISTD_H
| # include <unistd.h>
| #endif
| int
| main ()
| {
| if (sizeof ((size_t)))
| 	    return 0;
|   ;
|   return 0;
| }
configure:16707: result: yes
configure:16720: checking for working alloca.h
configure:16737: gcc -std=gnu99 -o conftest -g -O2   conftest.c  >&5
configure:16737: $? = 0
configure:16745: result: yes
configure:16753: checking for alloca
configure:16790: gcc -std=gnu99 -o conftest -g -O2   conftest.c  >&5
configure:16790: $? = 0
configure:16798: result: yes
configure:16917: checking for x86
configure:16932: result: 64 bit
configure:16943: checking for native Win32
configure:16953: result: no
configure:16963: checking for some Win32 platform
configure:16973: result: no
configure:17203: checking for cos in -lm
configure:17228: gcc -std=gnu99 -o conftest -g -O2   conftest.c -lm   >&5
conftest.c:36:6: warning: conflicting types for built-in function 'cos' [enabled by default]
configure:17228: $? = 0
configure:17237: result: yes
configure:17249: checking for clock_gettime in -lrt
configure:17274: gcc -std=gnu99 -o conftest -g -O2   conftest.c -lrt   >&5
configure:17274: $? = 0
configure:17283: result: yes
configure:17301: checking for posix yield function
configure:17318: gcc -std=gnu99 -o conftest -g -O2   -pthread -lm -lrt  conftest.c  >&5
conftest.c: In function 'main':
conftest.c:34:1: warning: implicit declaration of function 'pthread_yield' [-Wimplicit-function-declaration]
configure:17318: $? = 0
configure:17329: result: pthread_yield
configure:17717: checking for GLIB2
configure:17724: $PKG_CONFIG --exists --print-errors "glib-2.0 >= 2.22"
configure:17727: $? = 0
configure:17741: $PKG_CONFIG --exists --print-errors "glib-2.0 >= 2.22"
configure:17744: $? = 0
configure:17802: result: yes
configure:17810: checking for PIXMAN
configure:17817: $PKG_CONFIG --exists --print-errors "pixman-1 >= 0.17.7"
configure:17820: $? = 0
configure:17834: $PKG_CONFIG --exists --print-errors "pixman-1 >= 0.17.7"
configure:17837: $? = 0
configure:17895: result: yes
configure:17905: checking for CELT051
configure:17912: $PKG_CONFIG --exists --print-errors "celt051 >= 0.5.1.1"
configure:17915: $? = 0
configure:17929: $PKG_CONFIG --exists --print-errors "celt051 >= 0.5.1.1"
configure:17932: $? = 0
configure:17990: result: yes
configure:18000: checking for pyparsing python module
configure:18008: result: found
configure:18014: checking for SSL
configure:18021: $PKG_CONFIG --exists --print-errors "openssl"
configure:18024: $? = 0
configure:18038: $PKG_CONFIG --exists --print-errors "openssl"
configure:18041: $? = 0
configure:18099: result: yes
configure:18219: checking for ALSA
configure:18226: $PKG_CONFIG --exists --print-errors "alsa"
configure:18229: $? = 0
configure:18243: $PKG_CONFIG --exists --print-errors "alsa"
configure:18246: $? = 0
configure:18304: result: yes
configure:18314: checking for XRANDR
configure:18321: $PKG_CONFIG --exists --print-errors "xrandr"
configure:18324: $? = 0
configure:18338: $PKG_CONFIG --exists --print-errors "xrandr"
configure:18341: $? = 0
configure:18399: result: yes
configure:18405: checking for XFIXES
configure:18412: $PKG_CONFIG --exists --print-errors "xfixes"
configure:18415: $? = 0
configure:18429: $PKG_CONFIG --exists --print-errors "xfixes"
configure:18432: $? = 0
configure:18490: result: yes
configure:18496: checking for MISC_X
configure:18503: $PKG_CONFIG --exists --print-errors "x11 xext xrender"
configure:18506: $? = 0
configure:18520: $PKG_CONFIG --exists --print-errors "x11 xext xrender"
configure:18523: $? = 0
configure:18581: result: yes
configure:18592: checking for XRANDR12
configure:18599: $PKG_CONFIG --exists --print-errors "xrandr >= 1.2"
configure:18602: $? = 0
configure:18616: $PKG_CONFIG --exists --print-errors "xrandr >= 1.2"
configure:18619: $? = 0
configure:18657: result: yes
configure:18689: checking for XINERAMA
configure:18696: $PKG_CONFIG --exists --print-errors "xinerama >= 1.0"
Package xinerama was not found in the pkg-config search path.
Perhaps you should add the directory containing `xinerama.pc'
to the PKG_CONFIG_PATH environment variable
No package 'xinerama' found
configure:18699: $? = 1
configure:18713: $PKG_CONFIG --exists --print-errors "xinerama >= 1.0"
Package xinerama was not found in the pkg-config search path.
Perhaps you should add the directory containing `xinerama.pc'
to the PKG_CONFIG_PATH environment variable
No package 'xinerama' found
configure:18716: $? = 1
configure:18730: result: no
No package 'xinerama' found
configure:18796: checking for jpeg_destroy_decompress in -ljpeg
configure:18821: gcc -std=gnu99 -o conftest -g -O2   -pthread -lm -lrt  conftest.c -ljpeg   >&5
configure:18821: $? = 0
configure:18830: result: yes
configure:18833: checking for jpeglib.h
configure:18843: gcc -std=gnu99 -E   -pthread -lm -lrt conftest.c
configure:18843: $? = 0
configure:18845: result: 
configure:18857: checking for deflate in -lz
configure:18882: gcc -std=gnu99 -o conftest -g -O2   -pthread -lm -lrt  conftest.c -lz   >&5
configure:18882: $? = 0
configure:18891: result: yes
configure:18923: checking sasl/sasl.h usability
configure:18923: gcc -std=gnu99 -c -g -O2    -pthread -lm -lrt conftest.c >&5
configure:18923: $? = 0
configure:18923: result: yes
configure:18923: checking sasl/sasl.h presence
configure:18923: gcc -std=gnu99 -E   -pthread -lm -lrt conftest.c
configure:18923: $? = 0
configure:18923: result: yes
configure:18923: checking for sasl/sasl.h
configure:18923: result: yes
configure:18937: checking for sasl_client_init in -lsasl2
configure:18962: gcc -std=gnu99 -o conftest -g -O2    -pthread -lm -lrt  conftest.c -lsasl2    >&5
configure:18962: $? = 0
configure:18971: result: yes
configure:19067: checking whether C compiler handles -Werror -Wunknown-warning-option
configure:19086: gcc -std=gnu99 -o conftest -g -O2  -Werror -Wunknown-warning-option   -pthread -lm -lrt  conftest.c  >&5
cc1: error: unrecognized command line option '-Wunknown-warning-option'
configure:19086: $? = 1
configure: failed program was:
| /* confdefs.h */
| #define PACKAGE_NAME "spice"
| #define PACKAGE_TARNAME "spice"
| #define PACKAGE_VERSION "UNKNOWN-dirty"
| #define PACKAGE_STRING "spice UNKNOWN-dirty"
| #define PACKAGE_BUGREPORT "spice-devel@lists.freedesktop.org"
| #define PACKAGE_URL ""
| #define PACKAGE "spice"
| #define VERSION "UNKNOWN-dirty"
| #define STDC_HEADERS 1
| #define HAVE_SYS_TYPES_H 1
| #define HAVE_SYS_STAT_H 1
| #define HAVE_STDLIB_H 1
| #define HAVE_STRING_H 1
| #define HAVE_MEMORY_H 1
| #define HAVE_STRINGS_H 1
| #define HAVE_INTTYPES_H 1
| #define HAVE_STDINT_H 1
| #define HAVE_UNISTD_H 1
| #define HAVE_DLFCN_H 1
| #define LT_OBJDIR ".libs/"
| #define HAVE_SYS_TIME_H 1
| #define HAVE_EXECINFO_H 1
| #define HAVE_LINUX_SOCKIOS_H 1
| #define HAVE_ALLOCA_H 1
| #define HAVE_ALLOCA 1
| #define __STDC_FORMAT_MACROS /**/
| #define HAVE_CLOCK_GETTIME 1
| #define POSIX_YIELD_FUNC pthread_yield()
| #define HAVE_XRANDR12 /**/
| #define HAVE_SASL 1
| /* end confdefs.h.  */
| 
| int
| main ()
| {
| 
|   ;
|   return 0;
| }
configure:19096: result: no
configure:19183: checking whether -Wno-missing-field-initializers is supported
configure:19202: gcc -std=gnu99 -c -g -O2 -W -Werror -Wno-missing-field-initializers   -pthread -lm -lrt conftest.c >&5
configure:19202: $? = 0
configure:19211: result: yes
configure:19215: checking whether -Wno-missing-field-initializers is needed
configure:19239: gcc -std=gnu99 -c -g -O2 -W -Werror   -pthread -lm -lrt conftest.c >&5
conftest.c: In function 'f':
conftest.c:36:18: error: missing initializer [-Werror=missing-field-initializers]
conftest.c:36:18: error: (near initialization for 's1.b') [-Werror=missing-field-initializers]
cc1: all warnings being treated as errors
configure:19239: $? = 1
configure: failed program was:
| /* confdefs.h */
| #define PACKAGE_NAME "spice"
| #define PACKAGE_TARNAME "spice"
| #define PACKAGE_VERSION "UNKNOWN-dirty"
| #define PACKAGE_STRING "spice UNKNOWN-dirty"
| #define PACKAGE_BUGREPORT "spice-devel@lists.freedesktop.org"
| #define PACKAGE_URL ""
| #define PACKAGE "spice"
| #define VERSION "UNKNOWN-dirty"
| #define STDC_HEADERS 1
| #define HAVE_SYS_TYPES_H 1
| #define HAVE_SYS_STAT_H 1
| #define HAVE_STDLIB_H 1
| #define HAVE_STRING_H 1
| #define HAVE_MEMORY_H 1
| #define HAVE_STRINGS_H 1
| #define HAVE_INTTYPES_H 1
| #define HAVE_STDINT_H 1
| #define HAVE_UNISTD_H 1
| #define HAVE_DLFCN_H 1
| #define LT_OBJDIR ".libs/"
| #define HAVE_SYS_TIME_H 1
| #define HAVE_EXECINFO_H 1
| #define HAVE_LINUX_SOCKIOS_H 1
| #define HAVE_ALLOCA_H 1
| #define HAVE_ALLOCA 1
| #define __STDC_FORMAT_MACROS /**/
| #define HAVE_CLOCK_GETTIME 1
| #define POSIX_YIELD_FUNC pthread_yield()
| #define HAVE_XRANDR12 /**/
| #define HAVE_SASL 1
| /* end confdefs.h.  */
| void f (void)
|                {
|                  typedef struct { int a; int b; } s_t;
|                  s_t s1 = { 0, };
|                }
| 
| int
| main ()
| {
| 
|   ;
|   return 0;
| }
configure:19249: result: yes
configure:19383: checking whether C compiler handles -Wall
configure:19402: gcc -std=gnu99 -o conftest -g -O2  -Wall   -pthread -lm -lrt  conftest.c  >&5
configure:19402: $? = 0
configure:19413: result: yes
configure:19383: checking whether C compiler handles -W
configure:19402: gcc -std=gnu99 -o conftest -g -O2  -W   -pthread -lm -lrt  conftest.c  >&5
configure:19402: $? = 0
configure:19413: result: yes
configure:19383: checking whether C compiler handles -Wformat-y2k
configure:19402: gcc -std=gnu99 -o conftest -g -O2  -Wformat-y2k   -pthread -lm -lrt  conftest.c  >&5
configure:19402: $? = 0
configure:19413: result: yes
configure:19383: checking whether C compiler handles -Wformat-security
configure:19402: gcc -std=gnu99 -o conftest -g -O2  -Wformat-security   -pthread -lm -lrt  conftest.c  >&5
configure:19402: $? = 0
configure:19413: result: yes
configure:19383: checking whether C compiler handles -Winit-self
configure:19402: gcc -std=gnu99 -o conftest -g -O2  -Winit-self   -pthread -lm -lrt  conftest.c  >&5
configure:19402: $? = 0
configure:19413: result: yes
configure:19383: checking whether C compiler handles -Wmissing-include-dirs
configure:19402: gcc -std=gnu99 -o conftest -g -O2  -Wmissing-include-dirs   -pthread -lm -lrt  conftest.c  >&5
configure:19402: $? = 0
configure:19413: result: yes
configure:19383: checking whether C compiler handles -Wunused
configure:19402: gcc -std=gnu99 -o conftest -g -O2  -Wunused   -pthread -lm -lrt  conftest.c  >&5
configure:19402: $? = 0
configure:19413: result: yes
configure:19383: checking whether C compiler handles -Wunknown-pragmas
configure:19402: gcc -std=gnu99 -o conftest -g -O2  -Wunknown-pragmas   -pthread -lm -lrt  conftest.c  >&5
configure:19402: $? = 0
configure:19413: result: yes
configure:19383: checking whether C compiler handles -Wstrict-aliasing
configure:19402: gcc -std=gnu99 -o conftest -g -O2  -Wstrict-aliasing   -pthread -lm -lrt  conftest.c  >&5
configure:19402: $? = 0
configure:19413: result: yes
configure:19383: checking whether C compiler handles -Wpointer-arith
configure:19402: gcc -std=gnu99 -o conftest -g -O2  -Wpointer-arith   -pthread -lm -lrt  conftest.c  >&5
configure:19402: $? = 0
configure:19413: result: yes
configure:19383: checking whether C compiler handles -Wcast-align
configure:19402: gcc -std=gnu99 -o conftest -g -O2  -Wcast-align   -pthread -lm -lrt  conftest.c  >&5
configure:19402: $? = 0
configure:19413: result: yes
configure:19383: checking whether C compiler handles -Wwrite-strings
configure:19402: gcc -std=gnu99 -o conftest -g -O2  -Wwrite-strings   -pthread -lm -lrt  conftest.c  >&5
configure:19402: $? = 0
configure:19413: result: yes
configure:19383: checking whether C compiler handles -Wlogical-op
configure:19402: gcc -std=gnu99 -o conftest -g -O2  -Wlogical-op   -pthread -lm -lrt  conftest.c  >&5
configure:19402: $? = 0
configure:19413: result: yes
configure:19383: checking whether C compiler handles -Wmissing-noreturn
configure:19402: gcc -std=gnu99 -o conftest -g -O2  -Wmissing-noreturn   -pthread -lm -lrt  conftest.c  >&5
configure:19402: $? = 0
configure:19413: result: yes
configure:19383: checking whether C compiler handles -Wredundant-decls
configure:19402: gcc -std=gnu99 -o conftest -g -O2  -Wredundant-decls   -pthread -lm -lrt  conftest.c  >&5
configure:19402: $? = 0
configure:19413: result: yes
configure:19383: checking whether C compiler handles -Winvalid-pch
configure:19402: gcc -std=gnu99 -o conftest -g -O2  -Winvalid-pch   -pthread -lm -lrt  conftest.c  >&5
configure:19402: $? = 0
configure:19413: result: yes
configure:19383: checking whether C compiler handles -Wvolatile-register-var
configure:19402: gcc -std=gnu99 -o conftest -g -O2  -Wvolatile-register-var   -pthread -lm -lrt  conftest.c  >&5
configure:19402: $? = 0
configure:19413: result: yes
configure:19383: checking whether C compiler handles -Wdisabled-optimization
configure:19402: gcc -std=gnu99 -o conftest -g -O2  -Wdisabled-optimization   -pthread -lm -lrt  conftest.c  >&5
configure:19402: $? = 0
configure:19413: result: yes
configure:19383: checking whether C compiler handles -Wbuiltin-macro-redefined
configure:19402: gcc -std=gnu99 -o conftest -g -O2  -Wbuiltin-macro-redefined   -pthread -lm -lrt  conftest.c  >&5
configure:19402: $? = 0
configure:19413: result: yes
configure:19383: checking whether C compiler handles -Wmudflap
configure:19402: gcc -std=gnu99 -o conftest -g -O2  -Wmudflap   -pthread -lm -lrt  conftest.c  >&5
configure:19402: $? = 0
configure:19413: result: yes
configure:19383: checking whether C compiler handles -Wpacked-bitfield-compat
configure:19402: gcc -std=gnu99 -o conftest -g -O2  -Wpacked-bitfield-compat   -pthread -lm -lrt  conftest.c  >&5
configure:19402: $? = 0
configure:19413: result: yes
configure:19383: checking whether C compiler handles -Wsync-nand
configure:19402: gcc -std=gnu99 -o conftest -g -O2  -Wsync-nand   -pthread -lm -lrt  conftest.c  >&5
configure:19402: $? = 0
configure:19413: result: yes
configure:19383: checking whether C compiler handles -Wattributes
configure:19402: gcc -std=gnu99 -o conftest -g -O2  -Wattributes   -pthread -lm -lrt  conftest.c  >&5
configure:19402: $? = 0
configure:19413: result: yes
configure:19383: checking whether C compiler handles -Wcoverage-mismatch
configure:19402: gcc -std=gnu99 -o conftest -g -O2  -Wcoverage-mismatch   -pthread -lm -lrt  conftest.c  >&5
configure:19402: $? = 0
configure:19413: result: yes
configure:19383: checking whether C compiler handles -Wmultichar
configure:19402: gcc -std=gnu99 -o conftest -g -O2  -Wmultichar   -pthread -lm -lrt  conftest.c  >&5
configure:19402: $? = 0
configure:19413: result: yes
configure:19383: checking whether C compiler handles -Wcpp
configure:19402: gcc -std=gnu99 -o conftest -g -O2  -Wcpp   -pthread -lm -lrt  conftest.c  >&5
configure:19402: $? = 0
configure:19413: result: yes
configure:19383: checking whether C compiler handles -Wdeprecated-declarations
configure:19402: gcc -std=gnu99 -o conftest -g -O2  -Wdeprecated-declarations   -pthread -lm -lrt  conftest.c  >&5
configure:19402: $? = 0
configure:19413: result: yes
configure:19383: checking whether C compiler handles -Wdiv-by-zero
configure:19402: gcc -std=gnu99 -o conftest -g -O2  -Wdiv-by-zero   -pthread -lm -lrt  conftest.c  >&5
configure:19402: $? = 0
configure:19413: result: yes
configure:19383: checking whether C compiler handles -Wdouble-promotion
configure:19402: gcc -std=gnu99 -o conftest -g -O2  -Wdouble-promotion   -pthread -lm -lrt  conftest.c  >&5
configure:19402: $? = 0
configure:19413: result: yes
configure:19383: checking whether C compiler handles -Wendif-labels
configure:19402: gcc -std=gnu99 -o conftest -g -O2  -Wendif-labels   -pthread -lm -lrt  conftest.c  >&5
configure:19402: $? = 0
configure:19413: result: yes
configure:19383: checking whether C compiler handles -Wextra
configure:19402: gcc -std=gnu99 -o conftest -g -O2  -Wextra   -pthread -lm -lrt  conftest.c  >&5
configure:19402: $? = 0
configure:19413: result: yes
configure:19383: checking whether C compiler handles -Wformat-contains-nul
configure:19402: gcc -std=gnu99 -o conftest -g -O2  -Wformat-contains-nul   -pthread -lm -lrt  conftest.c  >&5
configure:19402: $? = 0
configure:19413: result: yes
configure:19383: checking whether C compiler handles -Wformat-extra-args
configure:19402: gcc -std=gnu99 -o conftest -g -O2  -Wformat-extra-args   -pthread -lm -lrt  conftest.c  >&5
configure:19402: $? = 0
configure:19413: result: yes
configure:19383: checking whether C compiler handles -Wformat=2
configure:19402: gcc -std=gnu99 -o conftest -g -O2  -Wformat=2   -pthread -lm -lrt  conftest.c  >&5
configure:19402: $? = 0
configure:19413: result: yes
configure:19383: checking whether C compiler handles -Wmultichar
configure:19413: result: yes
configure:19383: checking whether C compiler handles -Wnormalized=nfc
configure:19402: gcc -std=gnu99 -o conftest -g -O2  -Wnormalized=nfc   -pthread -lm -lrt  conftest.c  >&5
configure:19402: $? = 0
configure:19413: result: yes
configure:19383: checking whether C compiler handles -Woverflow
configure:19402: gcc -std=gnu99 -o conftest -g -O2  -Woverflow   -pthread -lm -lrt  conftest.c  >&5
configure:19402: $? = 0
configure:19413: result: yes
configure:19383: checking whether C compiler handles -Wpragmas
configure:19402: gcc -std=gnu99 -o conftest -g -O2  -Wpragmas   -pthread -lm -lrt  conftest.c  >&5
configure:19402: $? = 0
configure:19413: result: yes
configure:19383: checking whether C compiler handles -Wsuggest-attribute=const
configure:19402: gcc -std=gnu99 -o conftest -g -O2  -Wsuggest-attribute=const   -pthread -lm -lrt  conftest.c  >&5
conftest.c: In function 'main':
conftest.c:35:1: warning: function might be candidate for attribute 'const' [-Wsuggest-attribute=const]
configure:19402: $? = 0
configure:19413: result: yes
configure:19383: checking whether C compiler handles -Wsuggest-attribute=noreturn
configure:19402: gcc -std=gnu99 -o conftest -g -O2  -Wsuggest-attribute=noreturn   -pthread -lm -lrt  conftest.c  >&5
configure:19402: $? = 0
configure:19413: result: yes
configure:19383: checking whether C compiler handles -Wsuggest-attribute=pure
configure:19402: gcc -std=gnu99 -o conftest -g -O2  -Wsuggest-attribute=pure   -pthread -lm -lrt  conftest.c  >&5
configure:19402: $? = 0
configure:19413: result: yes
configure:19383: checking whether C compiler handles -Wtrampolines
configure:19402: gcc -std=gnu99 -o conftest -g -O2  -Wtrampolines   -pthread -lm -lrt  conftest.c  >&5
configure:19402: $? = 0
configure:19413: result: yes
configure:19383: checking whether C compiler handles -Wno-missing-field-initializers
configure:19402: gcc -std=gnu99 -o conftest -g -O2  -Wmissing-field-initializers   -pthread -lm -lrt  conftest.c  >&5
configure:19402: $? = 0
configure:19413: result: yes
configure:19427: checking whether C compiler handles -Wno-sign-compare
configure:19446: gcc -std=gnu99 -o conftest -g -O2  -Wsign-compare   -pthread -lm -lrt  conftest.c  >&5
configure:19446: $? = 0
configure:19456: result: yes
configure:19464: checking whether C compiler handles -Wno-unused-parameter
configure:19483: gcc -std=gnu99 -o conftest -g -O2  -Wunused-parameter   -pthread -lm -lrt  conftest.c  >&5
configure:19483: $? = 0
configure:19493: result: yes
configure:19503: checking whether C compiler handles -Wno-format-nonliteral
configure:19522: gcc -std=gnu99 -o conftest -g -O2  -Wformat-nonliteral   -pthread -lm -lrt  conftest.c  >&5
configure:19522: $? = 0
configure:19532: result: yes
configure:19541: checking whether C compiler handles -Wno-ignored-qualifiers
configure:19560: gcc -std=gnu99 -o conftest -g -O2  -Wignored-qualifiers   -pthread -lm -lrt  conftest.c  >&5
configure:19560: $? = 0
configure:19570: result: yes
configure:19584: checking whether C compiler handles -Wno-format-nonliteral
configure:19613: result: yes
configure:19629: checking whether C compiler handles -Wframe-larger-than=20460
configure:19648: gcc -std=gnu99 -o conftest -g -O2  -Wframe-larger-than=20460   -pthread -lm -lrt  conftest.c  >&5
configure:19648: $? = 0
configure:19659: result: yes
configure:19674: checking whether C compiler handles -fstack-protector-all
configure:19693: gcc -std=gnu99 -o conftest -g -O2  -fstack-protector-all   -pthread -lm -lrt  conftest.c  >&5
configure:19693: $? = 0
configure:19703: result: yes
configure:19716: checking whether C compiler handles --param=ssp-buffer-size=4
configure:19735: gcc -std=gnu99 -o conftest -g -O2  --param=ssp-buffer-size=4   -pthread -lm -lrt  conftest.c  >&5
configure:19735: $? = 0
configure:19746: result: yes
configure:19756: checking whether C compiler handles -fexceptions
configure:19775: gcc -std=gnu99 -o conftest -g -O2  -fexceptions   -pthread -lm -lrt  conftest.c  >&5
configure:19775: $? = 0
configure:19785: result: yes
configure:19793: checking whether C compiler handles -fasynchronous-unwind-tables
configure:19812: gcc -std=gnu99 -o conftest -g -O2  -fasynchronous-unwind-tables   -pthread -lm -lrt  conftest.c  >&5
configure:19812: $? = 0
configure:19822: result: yes
configure:19830: checking whether C compiler handles -fdiagnostics-show-option
configure:19849: gcc -std=gnu99 -o conftest -g -O2  -fdiagnostics-show-option   -pthread -lm -lrt  conftest.c  >&5
configure:19849: $? = 0
configure:19859: result: yes
configure:19867: checking whether C compiler handles -funit-at-a-time
configure:19886: gcc -std=gnu99 -o conftest -g -O2  -funit-at-a-time   -pthread -lm -lrt  conftest.c  >&5
configure:19886: $? = 0
configure:19896: result: yes
configure:19907: checking whether C compiler handles -fipa-pure-const
configure:19926: gcc -std=gnu99 -o conftest -g -O2  -fipa-pure-const   -pthread -lm -lrt  conftest.c  >&5
configure:19926: $? = 0
configure:19936: result: yes
configure:19952: checking whether C compiler handles -Wno-suggest-attribute=pure
configure:19971: gcc -std=gnu99 -o conftest -g -O2  -Wsuggest-attribute=pure   -pthread -lm -lrt  conftest.c  >&5
configure:19971: $? = 0
configure:19982: result: yes
configure:19995: checking whether C compiler handles -Wno-suggest-attribute=const
configure:20014: gcc -std=gnu99 -o conftest -g -O2  -Wsuggest-attribute=const   -pthread -lm -lrt  conftest.c  >&5
conftest.c: In function 'main':
conftest.c:35:1: warning: function might be candidate for attribute 'const' [-Wsuggest-attribute=const]
configure:20014: $? = 0
configure:20025: result: yes
configure:20080: checking whether C compiler handles -Waggregate-return
configure:20099: gcc -std=gnu99 -o conftest -g -O2  -Waggregate-return   -pthread -lm -lrt  conftest.c  >&5
configure:20099: $? = 0
configure:20109: result: yes
configure:20118: checking whether C compiler handles -Wstrict-prototypes
configure:20137: gcc -std=gnu99 -o conftest -g -O2  -Wstrict-prototypes   -pthread -lm -lrt  conftest.c  >&5
conftest.c:35:1: warning: function declaration isn't a prototype [-Wstrict-prototypes]
configure:20137: $? = 0
configure:20147: result: yes
configure:20155: checking whether C compiler handles -Wold-style-definition
configure:20174: gcc -std=gnu99 -o conftest -g -O2  -Wold-style-definition   -pthread -lm -lrt  conftest.c  >&5
conftest.c: In function 'main':
conftest.c:35:1: warning: old-style function definition [-Wold-style-definition]
configure:20174: $? = 0
configure:20184: result: yes
configure:20192: checking whether C compiler handles -Wnested-externs
configure:20211: gcc -std=gnu99 -o conftest -g -O2  -Wnested-externs   -pthread -lm -lrt  conftest.c  >&5
configure:20211: $? = 0
configure:20221: result: yes
configure:20229: checking whether C compiler handles -Wformat-zero-length
configure:20248: gcc -std=gnu99 -o conftest -g -O2  -Wformat-zero-length   -pthread -lm -lrt  conftest.c  >&5
configure:20248: $? = 0
configure:20258: result: yes
configure:20266: checking whether C compiler handles -Wpointer-to-int-cast
configure:20285: gcc -std=gnu99 -o conftest -g -O2  -Wpointer-to-int-cast   -pthread -lm -lrt  conftest.c  >&5
configure:20285: $? = 0
configure:20295: result: yes
configure:20303: checking whether C compiler handles -Wjump-misses-init
configure:20322: gcc -std=gnu99 -o conftest -g -O2  -Wjump-misses-init   -pthread -lm -lrt  conftest.c  >&5
configure:20322: $? = 0
configure:20332: result: yes
configure:20345: checking for how to force completely read-only GOT table
configure:20358: result: -Wl,-z -Wl,relro -Wl,-z -Wl,now
configure:20362: checking for how to avoid indirect lib deps
configure:20372: result: -Wl,--no-copy-dt-needed-entries
configure:20461: checking for -fvisibility
configure:20473: gcc -std=gnu99 -c -g -O2   -pthread -lm -lrt conftest.c >&5
configure:20473: $? = 0
configure:20481: result: yes
configure:20485: checking if -Wl,--version-script works
configure:20503: gcc -std=gnu99 -o conftest -g -O2   -pthread -lm -lrt  -Wl,--version-script=./server/spice-server.syms conftest.c  >&5
configure:20503: $? = 0
configure:20512: result: yes
configure:20540: checking whether make supports nested variables
configure:20557: result: yes
configure:20762: creating ./config.status

## ---------------------- ##
## Running config.status. ##
## ---------------------- ##

This file was extended by spice config.status UNKNOWN-dirty, which was
generated by GNU Autoconf 2.68.  Invocation command line was

  CONFIG_FILES    = 
  CONFIG_HEADERS  = 
  CONFIG_LINKS    = 
  CONFIG_COMMANDS = 
  $ ./config.status 

on pcc

config.status:1279: creating Makefile
config.status:1279: creating spice-server.pc
config.status:1279: creating server/Makefile
config.status:1279: creating server/tests/Makefile
config.status:1279: creating client/Makefile
config.status:1279: creating config.h
config.status:1460: config.h is unchanged
config.status:1508: executing depfiles commands
config.status:1508: executing libtool commands
configure:23335: === configuring in spice-common (/home/mbarboi/src/spice/spice-common)
configure:23398: running /bin/bash ./configure --disable-option-checking '--prefix=/usr/local'  '--enable-maintainer-mode' --cache-file=/dev/null --srcdir=.

## ---------------- ##
## Cache variables. ##
## ---------------- ##

ac_cv_build=x86_64-unknown-linux-gnu
ac_cv_c_bigendian=no
ac_cv_c_compiler_gnu=yes
ac_cv_cxx_compiler_gnu=yes
ac_cv_env_ALSA_CFLAGS_set=
ac_cv_env_ALSA_CFLAGS_value=
ac_cv_env_ALSA_LIBS_set=
ac_cv_env_ALSA_LIBS_value=
ac_cv_env_CAC_CARD_CFLAGS_set=
ac_cv_env_CAC_CARD_CFLAGS_value=
ac_cv_env_CAC_CARD_LIBS_set=
ac_cv_env_CAC_CARD_LIBS_value=
ac_cv_env_CCC_set=
ac_cv_env_CCC_value=
ac_cv_env_CC_set=
ac_cv_env_CC_value=
ac_cv_env_CEGUI06_CFLAGS_set=
ac_cv_env_CEGUI06_CFLAGS_value=
ac_cv_env_CEGUI06_LIBS_set=
ac_cv_env_CEGUI06_LIBS_value=
ac_cv_env_CEGUI_CFLAGS_set=
ac_cv_env_CEGUI_CFLAGS_value=
ac_cv_env_CEGUI_LIBS_set=
ac_cv_env_CEGUI_LIBS_value=
ac_cv_env_CELT051_CFLAGS_set=
ac_cv_env_CELT051_CFLAGS_value=
ac_cv_env_CELT051_LIBS_set=
ac_cv_env_CELT051_LIBS_value=
ac_cv_env_CFLAGS_set=
ac_cv_env_CFLAGS_value=
ac_cv_env_CPPFLAGS_set=
ac_cv_env_CPPFLAGS_value=
ac_cv_env_CPP_set=
ac_cv_env_CPP_value=
ac_cv_env_CXXCPP_set=
ac_cv_env_CXXCPP_value=
ac_cv_env_CXXFLAGS_set=
ac_cv_env_CXXFLAGS_value=
ac_cv_env_CXX_set=
ac_cv_env_CXX_value=
ac_cv_env_GLIB2_CFLAGS_set=
ac_cv_env_GLIB2_CFLAGS_value=
ac_cv_env_GLIB2_LIBS_set=
ac_cv_env_GLIB2_LIBS_value=
ac_cv_env_LDFLAGS_set=
ac_cv_env_LDFLAGS_value=
ac_cv_env_LIBS_set=
ac_cv_env_LIBS_value=
ac_cv_env_MISC_X_CFLAGS_set=
ac_cv_env_MISC_X_CFLAGS_value=
ac_cv_env_MISC_X_LIBS_set=
ac_cv_env_MISC_X_LIBS_value=
ac_cv_env_PIXMAN_CFLAGS_set=
ac_cv_env_PIXMAN_CFLAGS_value=
ac_cv_env_PIXMAN_LIBS_set=
ac_cv_env_PIXMAN_LIBS_value=
ac_cv_env_PKG_CONFIG_LIBDIR_set=
ac_cv_env_PKG_CONFIG_LIBDIR_value=
ac_cv_env_PKG_CONFIG_PATH_set=
ac_cv_env_PKG_CONFIG_PATH_value=
ac_cv_env_PKG_CONFIG_set=
ac_cv_env_PKG_CONFIG_value=
ac_cv_env_SSL_CFLAGS_set=
ac_cv_env_SSL_CFLAGS_value=
ac_cv_env_SSL_LIBS_set=
ac_cv_env_SSL_LIBS_value=
ac_cv_env_XFIXES_CFLAGS_set=
ac_cv_env_XFIXES_CFLAGS_value=
ac_cv_env_XFIXES_LIBS_set=
ac_cv_env_XFIXES_LIBS_value=
ac_cv_env_XINERAMA_CFLAGS_set=
ac_cv_env_XINERAMA_CFLAGS_value=
ac_cv_env_XINERAMA_LIBS_set=
ac_cv_env_XINERAMA_LIBS_value=
ac_cv_env_XRANDR12_CFLAGS_set=
ac_cv_env_XRANDR12_CFLAGS_value=
ac_cv_env_XRANDR12_LIBS_set=
ac_cv_env_XRANDR12_LIBS_value=
ac_cv_env_XRANDR_CFLAGS_set=
ac_cv_env_XRANDR_CFLAGS_value=
ac_cv_env_XRANDR_LIBS_set=
ac_cv_env_XRANDR_LIBS_value=
ac_cv_env_build_alias_set=
ac_cv_env_build_alias_value=
ac_cv_env_host_alias_set=
ac_cv_env_host_alias_value=
ac_cv_env_target_alias_set=
ac_cv_env_target_alias_value=
ac_cv_func_alloca_works=yes
ac_cv_header_dlfcn_h=yes
ac_cv_header_execinfo_h=yes
ac_cv_header_inttypes_h=yes
ac_cv_header_linux_sockios_h=yes
ac_cv_header_memory_h=yes
ac_cv_header_sasl_sasl_h=yes
ac_cv_header_stdc=yes
ac_cv_header_stdint_h=yes
ac_cv_header_stdlib_h=yes
ac_cv_header_string_h=yes
ac_cv_header_strings_h=yes
ac_cv_header_sys_stat_h=yes
ac_cv_header_sys_time_h=yes
ac_cv_header_sys_types_h=yes
ac_cv_header_unistd_h=yes
ac_cv_host=x86_64-unknown-linux-gnu
ac_cv_lib_jpeg_jpeg_destroy_decompress=yes
ac_cv_lib_m_cos=yes
ac_cv_lib_rt_clock_gettime=yes
ac_cv_lib_sasl2_sasl_client_init=yes
ac_cv_lib_z_deflate=yes
ac_cv_objext=o
ac_cv_path_EGREP='/bin/grep -E'
ac_cv_path_FGREP='/bin/grep -F'
ac_cv_path_GREP=/bin/grep
ac_cv_path_PYTHON=/usr/bin/python2
ac_cv_path_SED=/bin/sed
ac_cv_path_ac_pt_PKG_CONFIG=/usr/bin/pkg-config
ac_cv_path_install='/usr/bin/install -c'
ac_cv_path_mkdir=/bin/mkdir
ac_cv_prog_AWK=gawk
ac_cv_prog_CPP='gcc -std=gnu99 -E'
ac_cv_prog_CXXCPP='g++ -E'
ac_cv_prog_ac_ct_AR=ar
ac_cv_prog_ac_ct_CC=gcc
ac_cv_prog_ac_ct_CXX=g++
ac_cv_prog_ac_ct_MANIFEST_TOOL=mt
ac_cv_prog_ac_ct_OBJDUMP=objdump
ac_cv_prog_ac_ct_RANLIB=ranlib
ac_cv_prog_ac_ct_STRIP=strip
ac_cv_prog_cc_c89=
ac_cv_prog_cc_c99=-std=gnu99
ac_cv_prog_cc_g=yes
ac_cv_prog_cc_gcc_c_o=yes
ac_cv_prog_cxx_g=yes
ac_cv_prog_make_make_set=yes
ac_cv_type_size_t=yes
ac_cv_working_alloca_h=yes
am_cv_CC_dependencies_compiler_type=gcc3
am_cv_CXX_dependencies_compiler_type=gcc3
am_cv_ar_interface=ar
am_cv_make_support_nested_variables=yes
gl_cv_cc_nomfi_needed=yes
gl_cv_cc_nomfi_supported=yes
gl_cv_warn_c__W=yes
gl_cv_warn_c__Waggregate_return=yes
gl_cv_warn_c__Wall=yes
gl_cv_warn_c__Wattributes=yes
gl_cv_warn_c__Wbuiltin_macro_redefined=yes
gl_cv_warn_c__Wcast_align=yes
gl_cv_warn_c__Wcoverage_mismatch=yes
gl_cv_warn_c__Wcpp=yes
gl_cv_warn_c__Wdeprecated_declarations=yes
gl_cv_warn_c__Wdisabled_optimization=yes
gl_cv_warn_c__Wdiv_by_zero=yes
gl_cv_warn_c__Wdouble_promotion=yes
gl_cv_warn_c__Wendif_labels=yes
gl_cv_warn_c__Werror__Wunknown_warning_option=no
gl_cv_warn_c__Wextra=yes
gl_cv_warn_c__Wformat_2=yes
gl_cv_warn_c__Wformat_contains_nul=yes
gl_cv_warn_c__Wformat_extra_args=yes
gl_cv_warn_c__Wformat_security=yes
gl_cv_warn_c__Wformat_y2k=yes
gl_cv_warn_c__Wformat_zero_length=yes
gl_cv_warn_c__Wframe_larger_than_20460=yes
gl_cv_warn_c__Winit_self=yes
gl_cv_warn_c__Winvalid_pch=yes
gl_cv_warn_c__Wjump_misses_init=yes
gl_cv_warn_c__Wlogical_op=yes
gl_cv_warn_c__Wmissing_include_dirs=yes
gl_cv_warn_c__Wmissing_noreturn=yes
gl_cv_warn_c__Wmudflap=yes
gl_cv_warn_c__Wmultichar=yes
gl_cv_warn_c__Wnested_externs=yes
gl_cv_warn_c__Wno_format_nonliteral=yes
gl_cv_warn_c__Wno_ignored_qualifiers=yes
gl_cv_warn_c__Wno_missing_field_initializers=yes
gl_cv_warn_c__Wno_sign_compare=yes
gl_cv_warn_c__Wno_suggest_attribute_const=yes
gl_cv_warn_c__Wno_suggest_attribute_pure=yes
gl_cv_warn_c__Wno_unused_parameter=yes
gl_cv_warn_c__Wnormalized_nfc=yes
gl_cv_warn_c__Wold_style_definition=yes
gl_cv_warn_c__Woverflow=yes
gl_cv_warn_c__Wpacked_bitfield_compat=yes
gl_cv_warn_c__Wpointer_arith=yes
gl_cv_warn_c__Wpointer_to_int_cast=yes
gl_cv_warn_c__Wpragmas=yes
gl_cv_warn_c__Wredundant_decls=yes
gl_cv_warn_c__Wstrict_aliasing=yes
gl_cv_warn_c__Wstrict_prototypes=yes
gl_cv_warn_c__Wsuggest_attribute_const=yes
gl_cv_warn_c__Wsuggest_attribute_noreturn=yes
gl_cv_warn_c__Wsuggest_attribute_pure=yes
gl_cv_warn_c__Wsync_nand=yes
gl_cv_warn_c__Wtrampolines=yes
gl_cv_warn_c__Wunknown_pragmas=yes
gl_cv_warn_c__Wunused=yes
gl_cv_warn_c__Wvolatile_register_var=yes
gl_cv_warn_c__Wwrite_strings=yes
gl_cv_warn_c___param_ssp_buffer_size_4=yes
gl_cv_warn_c__fasynchronous_unwind_tables=yes
gl_cv_warn_c__fdiagnostics_show_option=yes
gl_cv_warn_c__fexceptions=yes
gl_cv_warn_c__fipa_pure_const=yes
gl_cv_warn_c__fstack_protector_all=yes
gl_cv_warn_c__funit_at_a_time=yes
lt_cv_ar_at_file=@
lt_cv_archive_cmds_need_lc=no
lt_cv_deplibs_check_method=pass_all
lt_cv_file_magic_cmd='$MAGIC_CMD'
lt_cv_file_magic_test_file=
lt_cv_ld_reload_flag=-r
lt_cv_nm_interface='BSD nm'
lt_cv_objdir=.libs
lt_cv_path_LD=/usr/bin/ld
lt_cv_path_LDCXX='/usr/bin/ld -m elf_x86_64'
lt_cv_path_NM='/usr/bin/nm -B'
lt_cv_path_mainfest_tool=no
lt_cv_prog_compiler_c_o=yes
lt_cv_prog_compiler_c_o_CXX=yes
lt_cv_prog_compiler_pic='-fPIC -DPIC'
lt_cv_prog_compiler_pic_CXX='-fPIC -DPIC'
lt_cv_prog_compiler_pic_works=yes
lt_cv_prog_compiler_pic_works_CXX=yes
lt_cv_prog_compiler_rtti_exceptions=no
lt_cv_prog_compiler_static_works=yes
lt_cv_prog_compiler_static_works_CXX=yes
lt_cv_prog_gnu_ld=yes
lt_cv_prog_gnu_ldcxx=yes
lt_cv_sharedlib_from_linklib_cmd='printf %s\n'
lt_cv_shlibpath_overrides_runpath=no
lt_cv_sys_global_symbol_pipe='sed -n -e '\''s/^.*[	 ]\([ABCDGIRSTW][ABCDGIRSTW]*\)[	 ][	 ]*\([_A-Za-z][_A-Za-z0-9]*\)$/\1 \2 \2/p'\'' | sed '\''/ __gnu_lto/d'\'''
lt_cv_sys_global_symbol_to_c_name_address='sed -n -e '\''s/^: \([^ ]*\)[ ]*$/  {\"\1\", (void *) 0},/p'\'' -e '\''s/^[ABCDGIRSTW]* \([^ ]*\) \([^ ]*\)$/  {"\2", (void *) \&\2},/p'\'''
lt_cv_sys_global_symbol_to_c_name_address_lib_prefix='sed -n -e '\''s/^: \([^ ]*\)[ ]*$/  {\"\1\", (void *) 0},/p'\'' -e '\''s/^[ABCDGIRSTW]* \([^ ]*\) \(lib[^ ]*\)$/  {"\2", (void *) \&\2},/p'\'' -e '\''s/^[ABCDGIRSTW]* \([^ ]*\) \([^ ]*\)$/  {"lib\2", (void *) \&\2},/p'\'''
lt_cv_sys_global_symbol_to_cdecl='sed -n -e '\''s/^T .* \(.*\)$/extern int \1();/p'\'' -e '\''s/^[ABCDGIRSTW]* .* \(.*\)$/extern char \1;/p'\'''
lt_cv_sys_max_cmd_len=1572864
lt_cv_to_host_file_cmd=func_convert_file_noop
lt_cv_to_tool_file_cmd=func_convert_file_noop
pkg_cv_ALSA_CFLAGS='-I/usr/include/alsa  '
pkg_cv_ALSA_LIBS='-lasound  '
pkg_cv_CELT051_CFLAGS='-I/usr/local/include  '
pkg_cv_CELT051_LIBS='-L/usr/local/lib -lcelt051 -lm  '
pkg_cv_GLIB2_CFLAGS='-I/usr/include/glib-2.0 -I/usr/lib/x86_64-linux-gnu/glib-2.0/include  '
pkg_cv_GLIB2_LIBS='-lglib-2.0  '
pkg_cv_MISC_X_CFLAGS=' '
pkg_cv_MISC_X_LIBS='-lXext -lXrender -lX11  '
pkg_cv_PIXMAN_CFLAGS='-I/usr/local/include/pixman-1  '
pkg_cv_PIXMAN_LIBS='-L/usr/local/lib -lpixman-1  '
pkg_cv_SSL_CFLAGS=' '
pkg_cv_SSL_LIBS='-lssl -lcrypto  '
pkg_cv_XFIXES_CFLAGS=' '
pkg_cv_XFIXES_LIBS='-lXfixes  '
pkg_cv_XRANDR12_CFLAGS=' '
pkg_cv_XRANDR12_LIBS='-lXrandr  '
pkg_cv_XRANDR_CFLAGS=' '
pkg_cv_XRANDR_LIBS='-lXrandr  '
spice_cv_ld_version_script=yes

## ----------------- ##
## Output variables. ##
## ----------------- ##

ACLOCAL='${SHELL} /home/mbarboi/src/spice/missing --run aclocal-1.11'
ALLOCA=''
ALSA_CFLAGS='-I/usr/include/alsa  '
ALSA_LIBS='-lasound  '
AMDEPBACKSLASH='\'
AMDEP_FALSE='#'
AMDEP_TRUE=''
AMTAR='$${TAR-tar}'
AM_BACKSLASH='\'
AM_DEFAULT_V='$(AM_DEFAULT_VERBOSITY)'
AM_DEFAULT_VERBOSITY='0'
AM_V='$(V)'
AR='ar'
AUTOCONF='${SHELL} /home/mbarboi/src/spice/missing --run autoconf'
AUTOHEADER='${SHELL} /home/mbarboi/src/spice/missing --run autoheader'
AUTOMAKE='${SHELL} /home/mbarboi/src/spice/missing --run automake-1.11'
AWK='gawk'
CAC_CARD_CFLAGS=''
CAC_CARD_LIBS=''
CC='gcc -std=gnu99'
CCDEPMODE='depmode=gcc3'
CEGUI06_CFLAGS=''
CEGUI06_LIBS=''
CEGUI_CFLAGS=''
CEGUI_LIBS=''
CELT051_CFLAGS='-I/usr/local/include  '
CELT051_LIBDIR=''
CELT051_LIBS='-L/usr/local/lib -lcelt051 -lm  '
CFLAGS='-g -O2'
CFLAGS_CFLAGS=''
COMMON_CFLAGS='-I ${top_srcdir}/spice-common/ -I ${top_srcdir}/spice-common/spice-protocol/'
CPP='gcc -std=gnu99 -E'
CPPFLAGS='  -pthread -lm -lrt'
CXIMAGE_CFLAGS=''
CXX='g++'
CXXCPP='g++ -E'
CXXDEPMODE='depmode=gcc3'
CXXFLAGS='-g -O2'
CYGPATH_W='echo'
DEFS='-DHAVE_CONFIG_H'
DEPDIR='.deps'
DLLTOOL='false'
DSYMUTIL=''
DUMPBIN=''
ECHO_C=''
ECHO_N='-n'
ECHO_T=''
EGREP='/bin/grep -E'
EXEEXT=''
FGREP='/bin/grep -F'
GLIB2_CFLAGS='-I/usr/include/glib-2.0 -I/usr/lib/x86_64-linux-gnu/glib-2.0/include  '
GLIB2_LIBS='-lglib-2.0  '
GL_CFLAGS=''
GL_LIBS=''
GREP='/bin/grep'
HAVE_LD_VERSION_SCRIPT_FALSE='#'
HAVE_LD_VERSION_SCRIPT_TRUE=''
HAVE_SASL_FALSE='#'
HAVE_SASL_TRUE=''
HAVE_XINERAMA_FALSE=''
HAVE_XINERAMA_TRUE='#'
HAVE_XRANDR12_FALSE='#'
HAVE_XRANDR12_TRUE=''
INSTALL_DATA='${INSTALL} -m 644'
INSTALL_PROGRAM='${INSTALL}'
INSTALL_SCRIPT='${INSTALL}'
INSTALL_STRIP_PROGRAM='$(install_sh) -c -s'
JPEG_LIBS='-ljpeg'
LD='/usr/bin/ld -m elf_x86_64'
LDFLAGS=''
LIBM='-lm'
LIBOBJS=''
LIBRT='-lrt'
LIBS=''
LIBTOOL='$(SHELL) $(top_builddir)/libtool'
LIPO=''
LN_S='ln -s'
LTLIBOBJS=''
MAINT=''
MAINTAINER_MODE_FALSE='#'
MAINTAINER_MODE_TRUE=''
MAKEINFO='${SHELL} /home/mbarboi/src/spice/missing --run makeinfo'
MANIFEST_TOOL=':'
MISC_X_CFLAGS=' '
MISC_X_LIBS='-lXext -lXrender -lX11  '
MKDIR_P='/bin/mkdir -p'
NM='/usr/bin/nm -B'
NMEDIT=''
NO_INDIRECT_LDFLAGS='-Wl,--no-copy-dt-needed-entries'
OBJDUMP='objdump'
OBJEXT='o'
OS_LINUX_FALSE='#'
OS_LINUX_TRUE=''
OS_UNIX_FALSE='#'
OS_UNIX_TRUE=''
OS_WIN32_FALSE=''
OS_WIN32_TRUE='#'
OTOOL64=''
OTOOL=''
PACKAGE='spice'
PACKAGE_BUGREPORT='spice-devel@lists.freedesktop.org'
PACKAGE_NAME='spice'
PACKAGE_STRING='spice UNKNOWN-dirty'
PACKAGE_TARNAME='spice'
PACKAGE_URL=''
PACKAGE_VERSION='UNKNOWN-dirty'
PATH_SEPARATOR=':'
PIXMAN_CFLAGS='-I/usr/local/include/pixman-1  '
PIXMAN_LIBS='-L/usr/local/lib -lpixman-1  '
PKG_CONFIG='/usr/bin/pkg-config'
PKG_CONFIG_LIBDIR=''
PKG_CONFIG_PATH=''
PYTHON='/usr/bin/python2'
RANLIB='ranlib'
RELRO_LDFLAGS='-Wl,-z -Wl,relro -Wl,-z -Wl,now'
SASL_CFLAGS=''
SASL_LIBS=' -lsasl2'
SED='/bin/sed'
SET_MAKE=''
SHELL='/bin/bash'
SMARTCARD_CFLAGS=''
SMARTCARD_LIBS=''
SPICEC_STATIC_LINKAGE_BSTATIC=''
SPICE_LT_VERSION='9:0:8'
SPICE_NONPKGCONFIG_CFLAGS=''
SPICE_NONPKGCONFIG_LIBS=' -pthread -lm -lrt '
SPICE_REQUIRES=' glib-2.0 >= 2.22 pixman-1 >= 0.17.7 celt051 >= 0.5.1.1 openssl'
SSL_CFLAGS=' '
SSL_LIBS='-lssl -lcrypto  '
STRIP='strip'
SUPPORT_AUTOMATED_TESTS_FALSE=''
SUPPORT_AUTOMATED_TESTS_TRUE='#'
SUPPORT_CLIENT_FALSE='#'
SUPPORT_CLIENT_TRUE=''
SUPPORT_GL_FALSE=''
SUPPORT_GL_TRUE='#'
SUPPORT_GUI_FALSE=''
SUPPORT_GUI_TRUE='#'
SUPPORT_SMARTCARD_FALSE=''
SUPPORT_SMARTCARD_TRUE='#'
VERSION='UNKNOWN-dirty'
VISIBILITY_HIDDEN_CFLAGS='-fvisibility=hidden'
WARN_CFLAGS=' -Wall -W -Wformat-y2k -Wformat-security -Winit-self -Wmissing-include-dirs -Wunused -Wunknown-pragmas -Wstrict-aliasing -Wpointer-arith -Wcast-align -Wwrite-strings -Wlogical-op -Wmissing-noreturn -Wredundant-decls -Winvalid-pch -Wvolatile-register-var -Wdisabled-optimization -Wbuiltin-macro-redefined -Wmudflap -Wpacked-bitfield-compat -Wsync-nand -Wattributes -Wcoverage-mismatch -Wmultichar -Wcpp -Wdeprecated-declarations -Wdiv-by-zero -Wdouble-promotion -Wendif-labels -Wextra -Wformat-contains-nul -Wformat-extra-args -Wformat=2 -Wmultichar -Wnormalized=nfc -Woverflow -Wpragmas -Wsuggest-attribute=const -Wsuggest-attribute=noreturn -Wsuggest-attribute=pure -Wtrampolines -Wno-missing-field-initializers -Wno-sign-compare -Wno-unused-parameter -Wno-format-nonliteral -Wno-ignored-qualifiers -Wno-format-nonliteral -Wframe-larger-than=20460 -fstack-protector-all --param=ssp-buffer-size=4 -fexceptions -fasynchronous-unwind-tables -fdiagnostics-show-option -funit-at-a-time -fipa-pure-const -Wno-suggest-attribute=pure -Wno-suggest-attribute=const -Waggregate-return -Wstrict-prototypes -Wold-style-definition -Wnested-externs -Wformat-zero-length -Wpointer-to-int-cast -Wjump-misses-init'
WARN_CXXFLAGS=' -Wall -W -Wformat-y2k -Wformat-security -Winit-self -Wmissing-include-dirs -Wunused -Wunknown-pragmas -Wstrict-aliasing -Wpointer-arith -Wcast-align -Wwrite-strings -Wlogical-op -Wmissing-noreturn -Wredundant-decls -Winvalid-pch -Wvolatile-register-var -Wdisabled-optimization -Wbuiltin-macro-redefined -Wmudflap -Wpacked-bitfield-compat -Wsync-nand -Wattributes -Wcoverage-mismatch -Wmultichar -Wcpp -Wdeprecated-declarations -Wdiv-by-zero -Wdouble-promotion -Wendif-labels -Wextra -Wformat-contains-nul -Wformat-extra-args -Wformat=2 -Wmultichar -Wnormalized=nfc -Woverflow -Wpragmas -Wsuggest-attribute=const -Wsuggest-attribute=noreturn -Wsuggest-attribute=pure -Wtrampolines -Wno-missing-field-initializers -Wno-sign-compare -Wno-unused-parameter -Wno-format-nonliteral -Wno-ignored-qualifiers -Wno-format-nonliteral -Wframe-larger-than=20460 -fstack-protector-all --param=ssp-buffer-size=4 -fexceptions -fasynchronous-unwind-tables -fdiagnostics-show-option -funit-at-a-time -fipa-pure-const -Wno-suggest-attribute=pure -Wno-suggest-attribute=const'
WARN_LDFLAGS=' -Wall -W -Wformat-y2k -Wformat-security -Winit-self -Wmissing-include-dirs -Wunused -Wunknown-pragmas -Wstrict-aliasing -Wpointer-arith -Wcast-align -Wwrite-strings -Wlogical-op -Wmissing-noreturn -Wredundant-decls -Winvalid-pch -Wvolatile-register-var -Wdisabled-optimization -Wbuiltin-macro-redefined -Wmudflap -Wpacked-bitfield-compat -Wsync-nand -Wattributes -Wcoverage-mismatch -Wmultichar -Wcpp -Wdeprecated-declarations -Wdiv-by-zero -Wdouble-promotion -Wendif-labels -Wextra -Wformat-contains-nul -Wformat-extra-args -Wformat=2 -Wmultichar -Wnormalized=nfc -Woverflow -Wpragmas -Wsuggest-attribute=const -Wsuggest-attribute=noreturn -Wsuggest-attribute=pure -Wtrampolines -Wno-missing-field-initializers -Wno-sign-compare -Wno-unused-parameter -Wno-format-nonliteral -Wno-ignored-qualifiers -Wno-format-nonliteral -Wframe-larger-than=20460 -fstack-protector-all --param=ssp-buffer-size=4 -fexceptions -fasynchronous-unwind-tables -fdiagnostics-show-option -funit-at-a-time -fipa-pure-const -Wno-suggest-attribute=pure -Wno-suggest-attribute=const -Waggregate-return -Wstrict-prototypes -Wold-style-definition -Wnested-externs -Wformat-zero-length -Wpointer-to-int-cast -Wjump-misses-init'
WINDRES=''
X86_64_FALSE='#'
X86_64_TRUE=''
XFIXES_CFLAGS=' '
XFIXES_LIBS='-lXfixes  '
XINERAMA_CFLAGS=''
XINERAMA_LIBS=''
XRANDR12_CFLAGS=' '
XRANDR12_LIBS='-lXrandr  '
XRANDR_CFLAGS=' '
XRANDR_LIBS='-lXrandr  '
Z_LIBS='-lz'
ac_ct_AR='ar'
ac_ct_CC='gcc'
ac_ct_CXX='g++'
ac_ct_DUMPBIN=''
am__EXEEXT_FALSE=''
am__EXEEXT_TRUE='#'
am__fastdepCC_FALSE='#'
am__fastdepCC_TRUE=''
am__fastdepCXX_FALSE='#'
am__fastdepCXX_TRUE=''
am__include='include'
am__isrc=''
am__leading_dot='.'
am__nodep='_no'
am__quote=''
am__tar='$${TAR-tar} chof - "$$tardir"'
am__untar='$${TAR-tar} xf -'
bindir='${exec_prefix}/bin'
build='x86_64-unknown-linux-gnu'
build_alias=''
build_cpu='x86_64'
build_os='linux-gnu'
build_vendor='unknown'
datadir='${datarootdir}'
datarootdir='${prefix}/share'
docdir='${datarootdir}/doc/${PACKAGE_TARNAME}'
dvidir='${docdir}'
exec_prefix='${prefix}'
host='x86_64-unknown-linux-gnu'
host_alias=''
host_cpu='x86_64'
host_os='linux-gnu'
host_vendor='unknown'
htmldir='${docdir}'
includedir='${prefix}/include'
infodir='${datarootdir}/info'
install_sh='${SHELL} /home/mbarboi/src/spice/install-sh'
libdir='${exec_prefix}/lib'
libexecdir='${exec_prefix}/libexec'
localedir='${datarootdir}/locale'
localstatedir='${prefix}/var'
mandir='${datarootdir}/man'
mkdir_p='/bin/mkdir -p'
oldincludedir='/usr/include'
pdfdir='${docdir}'
prefix='/usr/local'
program_transform_name='s,x,x,'
psdir='${docdir}'
sbindir='${exec_prefix}/sbin'
sharedstatedir='${prefix}/com'
subdirs=' spice-common'
sysconfdir='${prefix}/etc'
target_alias=''

## ----------- ##
## confdefs.h. ##
## ----------- ##

/* confdefs.h */
#define PACKAGE_NAME "spice"
#define PACKAGE_TARNAME "spice"
#define PACKAGE_VERSION "UNKNOWN-dirty"
#define PACKAGE_STRING "spice UNKNOWN-dirty"
#define PACKAGE_BUGREPORT "spice-devel@lists.freedesktop.org"
#define PACKAGE_URL ""
#define PACKAGE "spice"
#define VERSION "UNKNOWN-dirty"
#define STDC_HEADERS 1
#define HAVE_SYS_TYPES_H 1
#define HAVE_SYS_STAT_H 1
#define HAVE_STDLIB_H 1
#define HAVE_STRING_H 1
#define HAVE_MEMORY_H 1
#define HAVE_STRINGS_H 1
#define HAVE_INTTYPES_H 1
#define HAVE_STDINT_H 1
#define HAVE_UNISTD_H 1
#define HAVE_DLFCN_H 1
#define LT_OBJDIR ".libs/"
#define HAVE_SYS_TIME_H 1
#define HAVE_EXECINFO_H 1
#define HAVE_LINUX_SOCKIOS_H 1
#define HAVE_ALLOCA_H 1
#define HAVE_ALLOCA 1
#define __STDC_FORMAT_MACROS /**/
#define HAVE_CLOCK_GETTIME 1
#define POSIX_YIELD_FUNC pthread_yield()
#define HAVE_XRANDR12 /**/
#define HAVE_SASL 1

configure: exit 0
